2015/11/08 22:04:10 [error] [exception.CHttpException.403] exception 'CHttpException' with message 'You are not allowed to access this page.' in /var/www/yii/framework/gii/GiiModule.php:168
Stack trace:
#0 /var/www/yii/framework/web/CController.php(263): GiiModule->beforeControllerAction(Object(DefaultController), Object(CInlineAction))
#1 /var/www/yii/framework/web/CWebApplication.php(282): CController->run('')
#2 /var/www/yii/framework/web/CWebApplication.php(141): CWebApplication->runController('gii')
#3 /var/www/yii/framework/base/CApplication.php(169): CWebApplication->processRequest()
#4 /var/www/yii/SPVO/index.php(13): CApplication->run()
#5 {main}
REQUEST_URI=/yii/SPVO/index.php?r=gii
---
2015/11/08 22:25:42 [error] [exception.CDbException] exception 'CDbException' with message 'CDbConnection failed to open the DB connection: SQLSTATE[28000] [1045] Access denied for user 'root'@'localhost' (using password: YES)' in /var/www/yii/framework/db/CDbConnection.php:381
Stack trace:
#0 /var/www/yii/framework/db/CDbConnection.php(330): CDbConnection->open()
#1 /var/www/yii/framework/db/CDbConnection.php(308): CDbConnection->setActive(true)
#2 /var/www/yii/framework/base/CModule.php(387): CDbConnection->init()
#3 /var/www/yii/framework/base/CModule.php(103): CModule->getComponent('db')
#4 /var/www/yii/framework/gii/generators/model/ModelCode.php(57): CModule->__get('db')
#5 /var/www/yii/framework/web/CFormModel.php(39): ModelCode->init()
#6 /var/www/yii/framework/gii/CCodeGenerator.php(153): CFormModel->__construct()
#7 /var/www/yii/framework/gii/CCodeGenerator.php(63): CCodeGenerator->prepare()
#8 /var/www/yii/framework/web/actions/CInlineAction.php(49): CCodeGenerator->actionIndex()
#9 /var/www/yii/framework/web/CController.php(308): CInlineAction->runWithParams(Array)
#10 /var/www/yii/framework/web/CController.php(286): CController->runAction(Object(CInlineAction))
#11 /var/www/yii/framework/web/CController.php(265): CController->runActionWithFilters(Object(CInlineAction), Array)
#12 /var/www/yii/framework/web/CWebApplication.php(282): CController->run('')
#13 /var/www/yii/framework/web/CWebApplication.php(141): CWebApplication->runController('gii/model')
#14 /var/www/yii/framework/base/CApplication.php(169): CWebApplication->processRequest()
#15 /var/www/yii/SPVO/index.php(13): CApplication->run()
#16 {main}
REQUEST_URI=/yii/SPVO/index.php?r=gii/model
HTTP_REFERER=http://127.0.0.1/yii/SPVO/index.php?r=gii/controller
---
2015/11/08 22:25:47 [error] [exception.CDbException] exception 'CDbException' with message 'CDbConnection failed to open the DB connection: SQLSTATE[28000] [1045] Access denied for user 'root'@'localhost' (using password: YES)' in /var/www/yii/framework/db/CDbConnection.php:381
Stack trace:
#0 /var/www/yii/framework/db/CDbConnection.php(330): CDbConnection->open()
#1 /var/www/yii/framework/db/CDbConnection.php(308): CDbConnection->setActive(true)
#2 /var/www/yii/framework/base/CModule.php(387): CDbConnection->init()
#3 /var/www/yii/framework/base/CModule.php(103): CModule->getComponent('db')
#4 /var/www/yii/framework/gii/generators/model/ModelCode.php(57): CModule->__get('db')
#5 /var/www/yii/framework/web/CFormModel.php(39): ModelCode->init()
#6 /var/www/yii/framework/gii/CCodeGenerator.php(153): CFormModel->__construct()
#7 /var/www/yii/framework/gii/CCodeGenerator.php(63): CCodeGenerator->prepare()
#8 /var/www/yii/framework/web/actions/CInlineAction.php(49): CCodeGenerator->actionIndex()
#9 /var/www/yii/framework/web/CController.php(308): CInlineAction->runWithParams(Array)
#10 /var/www/yii/framework/web/CController.php(286): CController->runAction(Object(CInlineAction))
#11 /var/www/yii/framework/web/CController.php(265): CController->runActionWithFilters(Object(CInlineAction), Array)
#12 /var/www/yii/framework/web/CWebApplication.php(282): CController->run('')
#13 /var/www/yii/framework/web/CWebApplication.php(141): CWebApplication->runController('gii/model')
#14 /var/www/yii/framework/base/CApplication.php(169): CWebApplication->processRequest()
#15 /var/www/yii/SPVO/index.php(13): CApplication->run()
#16 {main}
REQUEST_URI=/yii/SPVO/index.php?r=gii/model
HTTP_REFERER=http://127.0.0.1/yii/SPVO/index.php?r=gii/controller
---
2015/11/08 22:26:12 [error] [exception.CDbException] exception 'CDbException' with message 'CDbConnection failed to open the DB connection: SQLSTATE[28000] [1045] Access denied for user 'root'@'localhost' (using password: YES)' in /var/www/yii/framework/db/CDbConnection.php:381
Stack trace:
#0 /var/www/yii/framework/db/CDbConnection.php(330): CDbConnection->open()
#1 /var/www/yii/framework/db/CDbConnection.php(308): CDbConnection->setActive(true)
#2 /var/www/yii/framework/base/CModule.php(387): CDbConnection->init()
#3 /var/www/yii/framework/base/CModule.php(103): CModule->getComponent('db')
#4 /var/www/yii/framework/gii/generators/model/ModelCode.php(57): CModule->__get('db')
#5 /var/www/yii/framework/web/CFormModel.php(39): ModelCode->init()
#6 /var/www/yii/framework/gii/CCodeGenerator.php(153): CFormModel->__construct()
#7 /var/www/yii/framework/gii/CCodeGenerator.php(63): CCodeGenerator->prepare()
#8 /var/www/yii/framework/web/actions/CInlineAction.php(49): CCodeGenerator->actionIndex()
#9 /var/www/yii/framework/web/CController.php(308): CInlineAction->runWithParams(Array)
#10 /var/www/yii/framework/web/CController.php(286): CController->runAction(Object(CInlineAction))
#11 /var/www/yii/framework/web/CController.php(265): CController->runActionWithFilters(Object(CInlineAction), Array)
#12 /var/www/yii/framework/web/CWebApplication.php(282): CController->run('')
#13 /var/www/yii/framework/web/CWebApplication.php(141): CWebApplication->runController('gii/model')
#14 /var/www/yii/framework/base/CApplication.php(169): CWebApplication->processRequest()
#15 /var/www/yii/SPVO/index.php(13): CApplication->run()
#16 {main}
REQUEST_URI=/yii/SPVO/index.php?r=gii/model
HTTP_REFERER=http://127.0.0.1/yii/SPVO/index.php?r=gii/controller
---
2015/11/08 22:30:35 [error] [system.db.CDbCommand] CDbCommand::fetchAll() failed: SQLSTATE[42S02]: Base table or view not found: 1146 Table 'SPVO.user' doesn't exist. The SQL statement executed was: SHOW FULL COLUMNS FROM `user`.
in /var/www/yii/SPVO/index.php (13)
2003/01/01 01:42:01 [error] [exception.CHttpException.403] exception 'CHttpException' with message 'You are not allowed to access this page.' in /var/www/yii/framework/gii/GiiModule.php:168
Stack trace:
#0 /var/www/yii/framework/web/CController.php(263): GiiModule->beforeControllerAction(Object(DefaultController), Object(CInlineAction))
#1 /var/www/yii/framework/web/CWebApplication.php(282): CController->run('')
#2 /var/www/yii/framework/web/CWebApplication.php(141): CWebApplication->runController('gii')
#3 /var/www/yii/framework/base/CApplication.php(169): CWebApplication->processRequest()
#4 /var/www/yii/SPVO/index.php(13): CApplication->run()
#5 {main}
REQUEST_URI=/yii/SPVO/index.php?r=gii
---
2003/01/01 01:43:45 [error] [exception.CHttpException.403] exception 'CHttpException' with message 'You are not allowed to access this page.' in /var/www/yii/framework/gii/GiiModule.php:168
Stack trace:
#0 /var/www/yii/framework/web/CController.php(263): GiiModule->beforeControllerAction(Object(DefaultController), Object(CInlineAction))
#1 /var/www/yii/framework/web/CWebApplication.php(282): CController->run('')
#2 /var/www/yii/framework/web/CWebApplication.php(141): CWebApplication->runController('gii')
#3 /var/www/yii/framework/base/CApplication.php(169): CWebApplication->processRequest()
#4 /var/www/yii/SPVO/index.php(13): CApplication->run()
#5 {main}
REQUEST_URI=/yii/SPVO/index.php?r=gii
---
2003/01/01 01:43:49 [error] [exception.CHttpException.403] exception 'CHttpException' with message 'You are not allowed to access this page.' in /var/www/yii/framework/gii/GiiModule.php:168
Stack trace:
#0 /var/www/yii/framework/web/CController.php(263): GiiModule->beforeControllerAction(Object(DefaultController), Object(CInlineAction))
#1 /var/www/yii/framework/web/CWebApplication.php(282): CController->run('')
#2 /var/www/yii/framework/web/CWebApplication.php(141): CWebApplication->runController('gii')
#3 /var/www/yii/framework/base/CApplication.php(169): CWebApplication->processRequest()
#4 /var/www/yii/SPVO/index.php(13): CApplication->run()
#5 {main}
REQUEST_URI=/yii/SPVO/index.php?r=gii
---
2003/01/01 01:44:08 [error] [exception.CHttpException.403] exception 'CHttpException' with message 'You are not allowed to access this page.' in /var/www/yii/framework/gii/GiiModule.php:168
Stack trace:
#0 /var/www/yii/framework/web/CController.php(263): GiiModule->beforeControllerAction(Object(DefaultController), Object(CInlineAction))
#1 /var/www/yii/framework/web/CWebApplication.php(282): CController->run('')
#2 /var/www/yii/framework/web/CWebApplication.php(141): CWebApplication->runController('gii')
#3 /var/www/yii/framework/base/CApplication.php(169): CWebApplication->processRequest()
#4 /var/www/yii/SPVO/index.php(13): CApplication->run()
#5 {main}
REQUEST_URI=/yii/SPVO/index.php?r=gii
---
2003/01/01 01:49:08 [error] [exception.CHttpException.403] exception 'CHttpException' with message 'You are not allowed to access this page.' in /var/www/yii/framework/gii/GiiModule.php:168
Stack trace:
#0 /var/www/yii/framework/web/CController.php(263): GiiModule->beforeControllerAction(Object(DefaultController), Object(CInlineAction))
#1 /var/www/yii/framework/web/CWebApplication.php(282): CController->run('')
#2 /var/www/yii/framework/web/CWebApplication.php(141): CWebApplication->runController('gii')
#3 /var/www/yii/framework/base/CApplication.php(169): CWebApplication->processRequest()
#4 /var/www/yii/SPVO/index.php(13): CApplication->run()
#5 {main}
REQUEST_URI=/yii/SPVO/index.php?r=gii
---
2003/01/01 01:50:08 [error] [exception.CHttpException.403] exception 'CHttpException' with message 'You are not allowed to access this page.' in /var/www/yii/framework/gii/GiiModule.php:168
Stack trace:
#0 /var/www/yii/framework/web/CController.php(263): GiiModule->beforeControllerAction(Object(DefaultController), Object(CInlineAction))
#1 /var/www/yii/framework/web/CWebApplication.php(282): CController->run('')
#2 /var/www/yii/framework/web/CWebApplication.php(141): CWebApplication->runController('gii')
#3 /var/www/yii/framework/base/CApplication.php(169): CWebApplication->processRequest()
#4 /var/www/yii/SPVO/index.php(13): CApplication->run()
#5 {main}
REQUEST_URI=/yii/SPVO/index.php?r=gii
---
2003/01/01 01:50:17 [error] [exception.CHttpException.403] exception 'CHttpException' with message 'You are not allowed to access this page.' in /var/www/yii/framework/gii/GiiModule.php:168
Stack trace:
#0 /var/www/yii/framework/web/CController.php(263): GiiModule->beforeControllerAction(Object(DefaultController), Object(CInlineAction))
#1 /var/www/yii/framework/web/CWebApplication.php(282): CController->run('')
#2 /var/www/yii/framework/web/CWebApplication.php(141): CWebApplication->runController('gii')
#3 /var/www/yii/framework/base/CApplication.php(169): CWebApplication->processRequest()
#4 /var/www/yii/SPVO/index.php(13): CApplication->run()
#5 {main}
REQUEST_URI=/yii/SPVO/index.php?r=gii
---
2003/01/01 01:50:53 [error] [exception.CHttpException.403] exception 'CHttpException' with message 'You are not allowed to access this page.' in /var/www/yii/framework/gii/GiiModule.php:168
Stack trace:
#0 /var/www/yii/framework/web/CController.php(263): GiiModule->beforeControllerAction(Object(DefaultController), Object(CInlineAction))
#1 /var/www/yii/framework/web/CWebApplication.php(282): CController->run('')
#2 /var/www/yii/framework/web/CWebApplication.php(141): CWebApplication->runController('gii')
#3 /var/www/yii/framework/base/CApplication.php(169): CWebApplication->processRequest()
#4 /var/www/yii/SPVO/index.php(13): CApplication->run()
#5 {main}
REQUEST_URI=/yii/SPVO/index.php?r=gii
---
2003/01/01 01:53:05 [error] [php] file_put_contents(/var/www/yii/SPVO/protected/runtime/gii-1.1.13/FormCode.php): failed to open stream: Permission denied (/var/www/yii/framework/gii/CCodeModel.php:386)
Stack trace:
#0 /var/www/yii/framework/gii/CCodeGenerator.php(63): FormGenerator->prepare()
#1 /var/www/yii/framework/web/actions/CInlineAction.php(49): FormGenerator->actionIndex()
#2 /var/www/yii/framework/web/CController.php(308): CInlineAction->runWithParams()
#3 /var/www/yii/framework/web/CController.php(286): FormGenerator->runAction()
#4 /var/www/yii/framework/web/CController.php(265): FormGenerator->runActionWithFilters()
#5 /var/www/yii/framework/web/CWebApplication.php(282): FormGenerator->run()
#6 /var/www/yii/framework/web/CWebApplication.php(141): CWebApplication->runController()
#7 /var/www/yii/framework/base/CApplication.php(169): CWebApplication->processRequest()
#8 /var/www/yii/SPVO/index.php(13): CWebApplication->run()
REQUEST_URI=/yii/SPVO/index.php?r=gii/form
in /var/www/yii/SPVO/index.php (13)
2003/01/01 01:53:24 [error] [php] file_put_contents(/var/www/yii/SPVO/protected/runtime/gii-1.1.13/FormCode.php): failed to open stream: Permission denied (/var/www/yii/framework/gii/CCodeModel.php:386)
Stack trace:
#0 /var/www/yii/framework/gii/CCodeGenerator.php(63): FormGenerator->prepare()
#1 /var/www/yii/framework/web/actions/CInlineAction.php(49): FormGenerator->actionIndex()
#2 /var/www/yii/framework/web/CController.php(308): CInlineAction->runWithParams()
#3 /var/www/yii/framework/web/CController.php(286): FormGenerator->runAction()
#4 /var/www/yii/framework/web/CController.php(265): FormGenerator->runActionWithFilters()
#5 /var/www/yii/framework/web/CWebApplication.php(282): FormGenerator->run()
#6 /var/www/yii/framework/web/CWebApplication.php(141): CWebApplication->runController()
#7 /var/www/yii/framework/base/CApplication.php(169): CWebApplication->processRequest()
#8 /var/www/yii/SPVO/index.php(13): CWebApplication->run()
REQUEST_URI=/yii/SPVO/index.php?r=gii/form
in /var/www/yii/SPVO/index.php (13)
2003/01/01 01:54:24 [error] [php] file_put_contents(/var/www/yii/SPVO/protected/runtime/gii-1.1.13/CrudCode.php): failed to open stream: Permission denied (/var/www/yii/framework/gii/CCodeModel.php:386)
Stack trace:
#0 /var/www/yii/framework/gii/CCodeGenerator.php(63): CrudGenerator->prepare()
#1 /var/www/yii/framework/web/actions/CInlineAction.php(49): CrudGenerator->actionIndex()
#2 /var/www/yii/framework/web/CController.php(308): CInlineAction->runWithParams()
#3 /var/www/yii/framework/web/CController.php(286): CrudGenerator->runAction()
#4 /var/www/yii/framework/web/CController.php(265): CrudGenerator->runActionWithFilters()
#5 /var/www/yii/framework/web/CWebApplication.php(282): CrudGenerator->run()
#6 /var/www/yii/framework/web/CWebApplication.php(141): CWebApplication->runController()
#7 /var/www/yii/framework/base/CApplication.php(169): CWebApplication->processRequest()
#8 /var/www/yii/SPVO/index.php(13): CWebApplication->run()
REQUEST_URI=/yii/SPVO/index.php?r=gii/crud
in /var/www/yii/SPVO/index.php (13)
2015/11/28 11:50:13 [error] [exception.CHttpException.403] exception 'CHttpException' with message 'You are not allowed to access this page.' in /var/www/yii/framework/gii/GiiModule.php:168
Stack trace:
#0 /var/www/yii/framework/web/CController.php(263): GiiModule->beforeControllerAction(Object(DefaultController), Object(CInlineAction))
#1 /var/www/yii/framework/web/CWebApplication.php(282): CController->run('')
#2 /var/www/yii/framework/web/CWebApplication.php(141): CWebApplication->runController('gii')
#3 /var/www/yii/framework/base/CApplication.php(169): CWebApplication->processRequest()
#4 /var/www/yii/SPVO/index.php(13): CApplication->run()
#5 {main}
REQUEST_URI=/yii/SPVO/index.php?r=gii
---
2015/11/28 17:55:14 [error] [php] file_put_contents(/var/www/yii/SPVO/protected/runtime/gii-1.1.13/FormCode.php): failed to open stream: Permission denied (/var/www/yii/framework/gii/CCodeModel.php:386)
Stack trace:
#0 /var/www/yii/framework/gii/CCodeGenerator.php(63): FormGenerator->prepare()
#1 /var/www/yii/framework/web/actions/CInlineAction.php(49): FormGenerator->actionIndex()
#2 /var/www/yii/framework/web/CController.php(308): CInlineAction->runWithParams()
#3 /var/www/yii/framework/web/CController.php(286): FormGenerator->runAction()
#4 /var/www/yii/framework/web/CController.php(265): FormGenerator->runActionWithFilters()
#5 /var/www/yii/framework/web/CWebApplication.php(282): FormGenerator->run()
#6 /var/www/yii/framework/web/CWebApplication.php(141): CWebApplication->runController()
#7 /var/www/yii/framework/base/CApplication.php(169): CWebApplication->processRequest()
#8 /var/www/yii/SPVO/index.php(13): CWebApplication->run()
REQUEST_URI=/yii/SPVO/index.php?r=gii/form
in /var/www/yii/SPVO/index.php (13)
2015/11/28 18:01:43 [error] [php] file_put_contents(/var/www/yii/SPVO/protected/runtime/gii-1.1.13/FormCode.php): failed to open stream: Permission denied (/var/www/yii/framework/gii/CCodeModel.php:386)
Stack trace:
#0 /var/www/yii/framework/gii/CCodeGenerator.php(63): FormGenerator->prepare()
#1 /var/www/yii/framework/web/actions/CInlineAction.php(49): FormGenerator->actionIndex()
#2 /var/www/yii/framework/web/CController.php(308): CInlineAction->runWithParams()
#3 /var/www/yii/framework/web/CController.php(286): FormGenerator->runAction()
#4 /var/www/yii/framework/web/CController.php(265): FormGenerator->runActionWithFilters()
#5 /var/www/yii/framework/web/CWebApplication.php(282): FormGenerator->run()
#6 /var/www/yii/framework/web/CWebApplication.php(141): CWebApplication->runController()
#7 /var/www/yii/framework/base/CApplication.php(169): CWebApplication->processRequest()
#8 /var/www/yii/SPVO/index.php(13): CWebApplication->run()
REQUEST_URI=/yii/SPVO/index.php?r=gii/form
in /var/www/yii/SPVO/index.php (13)
2015/11/28 18:01:56 [error] [php] file_put_contents(/var/www/yii/SPVO/protected/runtime/gii-1.1.13/FormCode.php): failed to open stream: Permission denied (/var/www/yii/framework/gii/CCodeModel.php:386)
Stack trace:
#0 /var/www/yii/framework/gii/CCodeGenerator.php(63): FormGenerator->prepare()
#1 /var/www/yii/framework/web/actions/CInlineAction.php(49): FormGenerator->actionIndex()
#2 /var/www/yii/framework/web/CController.php(308): CInlineAction->runWithParams()
#3 /var/www/yii/framework/web/CController.php(286): FormGenerator->runAction()
#4 /var/www/yii/framework/web/CController.php(265): FormGenerator->runActionWithFilters()
#5 /var/www/yii/framework/web/CWebApplication.php(282): FormGenerator->run()
#6 /var/www/yii/framework/web/CWebApplication.php(141): CWebApplication->runController()
#7 /var/www/yii/framework/base/CApplication.php(169): CWebApplication->processRequest()
#8 /var/www/yii/SPVO/index.php(13): CWebApplication->run()
REQUEST_URI=/yii/SPVO/index.php?r=gii/form
in /var/www/yii/SPVO/index.php (13)
2015/11/28 18:02:11 [error] [php] file_put_contents(/var/www/yii/SPVO/protected/runtime/gii-1.1.13/CrudCode.php): failed to open stream: Permission denied (/var/www/yii/framework/gii/CCodeModel.php:386)
Stack trace:
#0 /var/www/yii/framework/gii/CCodeGenerator.php(63): CrudGenerator->prepare()
#1 /var/www/yii/framework/web/actions/CInlineAction.php(49): CrudGenerator->actionIndex()
#2 /var/www/yii/framework/web/CController.php(308): CInlineAction->runWithParams()
#3 /var/www/yii/framework/web/CController.php(286): CrudGenerator->runAction()
#4 /var/www/yii/framework/web/CController.php(265): CrudGenerator->runActionWithFilters()
#5 /var/www/yii/framework/web/CWebApplication.php(282): CrudGenerator->run()
#6 /var/www/yii/framework/web/CWebApplication.php(141): CWebApplication->runController()
#7 /var/www/yii/framework/base/CApplication.php(169): CWebApplication->processRequest()
#8 /var/www/yii/SPVO/index.php(13): CWebApplication->run()
REQUEST_URI=/yii/SPVO/index.php?r=gii/crud
in /var/www/yii/SPVO/index.php (13)
2015/11/28 18:04:20 [error] [php] file_put_contents(/var/www/yii/SPVO/protected/runtime/gii-1.1.13/FormCode.php): failed to open stream: Permission denied (/var/www/yii/framework/gii/CCodeModel.php:386)
Stack trace:
#0 /var/www/yii/framework/gii/CCodeGenerator.php(63): FormGenerator->prepare()
#1 /var/www/yii/framework/web/actions/CInlineAction.php(49): FormGenerator->actionIndex()
#2 /var/www/yii/framework/web/CController.php(308): CInlineAction->runWithParams()
#3 /var/www/yii/framework/web/CController.php(286): FormGenerator->runAction()
#4 /var/www/yii/framework/web/CController.php(265): FormGenerator->runActionWithFilters()
#5 /var/www/yii/framework/web/CWebApplication.php(282): FormGenerator->run()
#6 /var/www/yii/framework/web/CWebApplication.php(141): CWebApplication->runController()
#7 /var/www/yii/framework/base/CApplication.php(169): CWebApplication->processRequest()
#8 /var/www/yii/SPVO/index.php(13): CWebApplication->run()
REQUEST_URI=/yii/SPVO/index.php?r=gii/form
in /var/www/yii/SPVO/index.php (13)
2015/11/28 18:04:50 [error] [php] file_put_contents(/var/www/yii/SPVO/protected/runtime/gii-1.1.13/FormCode.php): failed to open stream: Permission denied (/var/www/yii/framework/gii/CCodeModel.php:386)
Stack trace:
#0 /var/www/yii/framework/gii/CCodeGenerator.php(63): FormGenerator->prepare()
#1 /var/www/yii/framework/web/actions/CInlineAction.php(49): FormGenerator->actionIndex()
#2 /var/www/yii/framework/web/CController.php(308): CInlineAction->runWithParams()
#3 /var/www/yii/framework/web/CController.php(286): FormGenerator->runAction()
#4 /var/www/yii/framework/web/CController.php(265): FormGenerator->runActionWithFilters()
#5 /var/www/yii/framework/web/CWebApplication.php(282): FormGenerator->run()
#6 /var/www/yii/framework/web/CWebApplication.php(141): CWebApplication->runController()
#7 /var/www/yii/framework/base/CApplication.php(169): CWebApplication->processRequest()
#8 /var/www/yii/SPVO/index.php(13): CWebApplication->run()
REQUEST_URI=/yii/SPVO/index.php?r=gii/form
in /var/www/yii/SPVO/index.php (13)
2003/01/01 20:58:29 [error] [php] file_put_contents(/var/www/yii/SPVO/protected/runtime/gii-1.1.13/CrudCode.php): failed to open stream: Permission denied (/var/www/yii/framework/gii/CCodeModel.php:386)
Stack trace:
#0 /var/www/yii/framework/gii/CCodeGenerator.php(63): CrudGenerator->prepare()
#1 /var/www/yii/framework/web/actions/CInlineAction.php(49): CrudGenerator->actionIndex()
#2 /var/www/yii/framework/web/CController.php(308): CInlineAction->runWithParams()
#3 /var/www/yii/framework/web/CController.php(286): CrudGenerator->runAction()
#4 /var/www/yii/framework/web/CController.php(265): CrudGenerator->runActionWithFilters()
#5 /var/www/yii/framework/web/CWebApplication.php(282): CrudGenerator->run()
#6 /var/www/yii/framework/web/CWebApplication.php(141): CWebApplication->runController()
#7 /var/www/yii/framework/base/CApplication.php(169): CWebApplication->processRequest()
#8 /var/www/yii/SPVO/index.php(13): CWebApplication->run()
REQUEST_URI=/yii/SPVO/index.php?r=gii/crud
in /var/www/yii/SPVO/index.php (13)
2003/01/01 22:20:05 [error] [php] Missing argument 3 for CHtml::listData(), called in /var/www/yii/SPVO/protected/views/cliente/_form.php on line 21 and defined (/var/www/yii/framework/web/helpers/CHtml.php:1836)
Stack trace:
#0 /var/www/yii/framework/web/CBaseController.php(95): ClienteController->renderInternal()
#1 /var/www/yii/framework/web/CController.php(869): ClienteController->renderFile()
#2 /var/www/yii/SPVO/protected/views/cliente/create.php(18): ClienteController->renderPartial()
#3 /var/www/yii/framework/web/CBaseController.php(126): require()
#4 /var/www/yii/framework/web/CBaseController.php(95): ClienteController->renderInternal()
#5 /var/www/yii/framework/web/CController.php(869): ClienteController->renderFile()
#6 /var/www/yii/framework/web/CController.php(782): ClienteController->renderPartial()
#7 /var/www/yii/SPVO/protected/controllers/ClienteController.php(79): ClienteController->render()
#8 /var/www/yii/framework/web/actions/CInlineAction.php(49): ClienteController->actionCreate()
#9 /var/www/yii/framework/web/CController.php(308): CInlineAction->runWithParams()
#10 /var/www/yii/framework/web/filters/CFilterChain.php(133): ClienteController->runAction()
#11 /var/www/yii/framework/web/filters/CFilter.php(40): CFilterChain->run()
#12 /var/www/yii/framework/web/CController.php(1145): CAccessControlFilter->filter()
#13 /var/www/yii/framework/web/filters/CInlineFilter.php(58): ClienteController->filterAccessControl()
#14 /var/www/yii/framework/web/filters/CFilterChain.php(130): CInlineFilter->filter()
#15 /var/www/yii/framework/web/CController.php(291): CFilterChain->run()
#16 /var/www/yii/framework/web/CController.php(265): ClienteController->runActionWithFilters()
#17 /var/www/yii/framework/web/CWebApplication.php(282): ClienteController->run()
#18 /var/www/yii/framework/web/CWebApplication.php(141): CWebApplication->runController()
#19 /var/www/yii/framework/base/CApplication.php(169): CWebApplication->processRequest()
#20 /var/www/yii/SPVO/index.php(13): CWebApplication->run()
REQUEST_URI=/yii/SPVO/index.php?r=cliente/create
in /var/www/yii/SPVO/protected/views/cliente/_form.php (21)
in /var/www/yii/SPVO/protected/views/cliente/create.php (18)
in /var/www/yii/SPVO/protected/controllers/ClienteController.php (79)
2003/01/01 22:21:12 [error] [php] Missing argument 3 for CHtml::listData(), called in /var/www/yii/SPVO/protected/views/cliente/_form.php on line 21 and defined (/var/www/yii/framework/web/helpers/CHtml.php:1836)
Stack trace:
#0 /var/www/yii/framework/web/CBaseController.php(95): ClienteController->renderInternal()
#1 /var/www/yii/framework/web/CController.php(869): ClienteController->renderFile()
#2 /var/www/yii/SPVO/protected/views/cliente/create.php(18): ClienteController->renderPartial()
#3 /var/www/yii/framework/web/CBaseController.php(126): require()
#4 /var/www/yii/framework/web/CBaseController.php(95): ClienteController->renderInternal()
#5 /var/www/yii/framework/web/CController.php(869): ClienteController->renderFile()
#6 /var/www/yii/framework/web/CController.php(782): ClienteController->renderPartial()
#7 /var/www/yii/SPVO/protected/controllers/ClienteController.php(79): ClienteController->render()
#8 /var/www/yii/framework/web/actions/CInlineAction.php(49): ClienteController->actionCreate()
#9 /var/www/yii/framework/web/CController.php(308): CInlineAction->runWithParams()
#10 /var/www/yii/framework/web/filters/CFilterChain.php(133): ClienteController->runAction()
#11 /var/www/yii/framework/web/filters/CFilter.php(40): CFilterChain->run()
#12 /var/www/yii/framework/web/CController.php(1145): CAccessControlFilter->filter()
#13 /var/www/yii/framework/web/filters/CInlineFilter.php(58): ClienteController->filterAccessControl()
#14 /var/www/yii/framework/web/filters/CFilterChain.php(130): CInlineFilter->filter()
#15 /var/www/yii/framework/web/CController.php(291): CFilterChain->run()
#16 /var/www/yii/framework/web/CController.php(265): ClienteController->runActionWithFilters()
#17 /var/www/yii/framework/web/CWebApplication.php(282): ClienteController->run()
#18 /var/www/yii/framework/web/CWebApplication.php(141): CWebApplication->runController()
#19 /var/www/yii/framework/base/CApplication.php(169): CWebApplication->processRequest()
#20 /var/www/yii/SPVO/index.php(13): CWebApplication->run()
REQUEST_URI=/yii/SPVO/index.php?r=cliente/create
in /var/www/yii/SPVO/protected/views/cliente/_form.php (21)
in /var/www/yii/SPVO/protected/views/cliente/create.php (18)
in /var/www/yii/SPVO/protected/controllers/ClienteController.php (79)
2003/01/02 18:08:41 [error] [exception.CException] exception 'CException' with message 'Cliente has an invalid validation rule. The rule must specify attributes to be validated and the validator name.' in /var/www/yii/framework/base/CModel.php:288
Stack trace:
#0 /var/www/yii/framework/base/CModel.php(260): CModel->createValidators()
#1 /var/www/yii/framework/base/CModel.php(303): CModel->getValidators('id_user')
#2 /var/www/yii/framework/web/helpers/CHtml.php(1237): CModel->isAttributeRequired('id_user')
#3 /var/www/yii/framework/web/widgets/CActiveForm.php(562): CHtml::activeLabelEx(Object(Cliente), 'id_user', Array)
#4 /var/www/yii/SPVO/protected/views/cliente/_form.php(19): CActiveForm->labelEx(Object(Cliente), 'id_user')
#5 /var/www/yii/framework/web/CBaseController.php(126): require('/var/www/yii/SP...')
#6 /var/www/yii/framework/web/CBaseController.php(95): CBaseController->renderInternal('/var/www/yii/SP...', Array, true)
#7 /var/www/yii/framework/web/CController.php(869): CBaseController->renderFile('/var/www/yii/SP...', Array, true)
#8 /var/www/yii/SPVO/protected/views/cliente/create.php(18): CController->renderPartial('_form', Array)
#9 /var/www/yii/framework/web/CBaseController.php(126): require('/var/www/yii/SP...')
#10 /var/www/yii/framework/web/CBaseController.php(95): CBaseController->renderInternal('/var/www/yii/SP...', Array, true)
#11 /var/www/yii/framework/web/CController.php(869): CBaseController->renderFile('/var/www/yii/SP...', Array, true)
#12 /var/www/yii/framework/web/CController.php(782): CController->renderPartial('create', Array, true)
#13 /var/www/yii/SPVO/protected/controllers/ClienteController.php(79): CController->render('create', Array)
#14 /var/www/yii/framework/web/actions/CInlineAction.php(49): ClienteController->actionCreate()
#15 /var/www/yii/framework/web/CController.php(308): CInlineAction->runWithParams(Array)
#16 /var/www/yii/framework/web/filters/CFilterChain.php(133): CController->runAction(Object(CInlineAction))
#17 /var/www/yii/framework/web/filters/CFilter.php(40): CFilterChain->run()
#18 /var/www/yii/framework/web/CController.php(1145): CFilter->filter(Object(CFilterChain))
#19 /var/www/yii/framework/web/filters/CInlineFilter.php(58): CController->filterAccessControl(Object(CFilterChain))
#20 /var/www/yii/framework/web/filters/CFilterChain.php(130): CInlineFilter->filter(Object(CFilterChain))
#21 /var/www/yii/framework/web/CController.php(291): CFilterChain->run()
#22 /var/www/yii/framework/web/CController.php(265): CController->runActionWithFilters(Object(CInlineAction), Array)
#23 /var/www/yii/framework/web/CWebApplication.php(282): CController->run('create')
#24 /var/www/yii/framework/web/CWebApplication.php(141): CWebApplication->runController('cliente/create')
#25 /var/www/yii/framework/base/CApplication.php(169): CWebApplication->processRequest()
#26 /var/www/yii/SPVO/index.php(13): CApplication->run()
#27 {main}
REQUEST_URI=/yii/SPVO/index.php?r=cliente/create
HTTP_REFERER=http://localhost/yii/SPVO/index.php?r=site/login
---
2003/01/02 18:39:50 [error] [exception.CHttpException.404] exception 'CHttpException' with message 'Unable to resolve the request "cliente}".' in /var/www/yii/framework/web/CWebApplication.php:286
Stack trace:
#0 /var/www/yii/framework/web/CWebApplication.php(141): CWebApplication->runController('cliente}')
#1 /var/www/yii/framework/base/CApplication.php(169): CWebApplication->processRequest()
#2 /var/www/yii/SPVO/index.php(13): CApplication->run()
#3 {main}
REQUEST_URI=/yii/SPVO/index.php?r=cliente}
---
2015/11/29 19:22:02 [error] [exception.CException] exception 'CException' with message 'Property "Cliente.rfc" is not defined.' in /var/www/yii/framework/base/CComponent.php:130
Stack trace:
#0 /var/www/yii/framework/db/ar/CActiveRecord.php(143): CComponent->__get('rfc')
#1 /var/www/yii/framework/web/helpers/CHtml.php(2255): CActiveRecord->__get('rfc')
#2 /var/www/yii/framework/web/helpers/CHtml.php(1980): CHtml::resolveValue(Object(Cliente), 'rfc')
#3 /var/www/yii/framework/web/helpers/CHtml.php(1257): CHtml::activeInputField('text', Object(Cliente), 'rfc', Array)
#4 /var/www/yii/framework/web/widgets/CActiveForm.php(657): CHtml::activeTextField(Object(Cliente), 'rfc', Array)
#5 /var/www/yii/SPVO/protected/views/cliente/_form.php(32): CActiveForm->textField(Object(Cliente), 'rfc', Array)
#6 /var/www/yii/framework/web/CBaseController.php(126): require('/var/www/yii/SP...')
#7 /var/www/yii/framework/web/CBaseController.php(95): CBaseController->renderInternal('/var/www/yii/SP...', Array, true)
#8 /var/www/yii/framework/web/CController.php(869): CBaseController->renderFile('/var/www/yii/SP...', Array, true)
#9 /var/www/yii/SPVO/protected/views/cliente/update.php(21): CController->renderPartial('_form', Array)
#10 /var/www/yii/framework/web/CBaseController.php(126): require('/var/www/yii/SP...')
#11 /var/www/yii/framework/web/CBaseController.php(95): CBaseController->renderInternal('/var/www/yii/SP...', Array, true)
#12 /var/www/yii/framework/web/CController.php(869): CBaseController->renderFile('/var/www/yii/SP...', Array, true)
#13 /var/www/yii/framework/web/CController.php(782): CController->renderPartial('update', Array, true)
#14 /var/www/yii/SPVO/protected/controllers/ClienteController.php(103): CController->render('update', Array)
#15 [internal function]: ClienteController->actionUpdate('2')
#16 /var/www/yii/framework/web/actions/CAction.php(108): ReflectionMethod->invokeArgs(Object(ClienteController), Array)
#17 /var/www/yii/framework/web/actions/CInlineAction.php(47): CAction->runWithParamsInternal(Object(ClienteController), Object(ReflectionMethod), Array)
#18 /var/www/yii/framework/web/CController.php(308): CInlineAction->runWithParams(Array)
#19 /var/www/yii/framework/web/filters/CFilterChain.php(133): CController->runAction(Object(CInlineAction))
#20 /var/www/yii/framework/web/filters/CFilter.php(40): CFilterChain->run()
#21 /var/www/yii/framework/web/CController.php(1145): CFilter->filter(Object(CFilterChain))
#22 /var/www/yii/framework/web/filters/CInlineFilter.php(58): CController->filterAccessControl(Object(CFilterChain))
#23 /var/www/yii/framework/web/filters/CFilterChain.php(130): CInlineFilter->filter(Object(CFilterChain))
#24 /var/www/yii/framework/web/CController.php(291): CFilterChain->run()
#25 /var/www/yii/framework/web/CController.php(265): CController->runActionWithFilters(Object(CInlineAction), Array)
#26 /var/www/yii/framework/web/CWebApplication.php(282): CController->run('update')
#27 /var/www/yii/framework/web/CWebApplication.php(141): CWebApplication->runController('cliente/update')
#28 /var/www/yii/framework/base/CApplication.php(169): CWebApplication->processRequest()
#29 /var/www/yii/SPVO/index.php(13): CApplication->run()
#30 {main}
REQUEST_URI=/yii/SPVO/index.php?r=cliente/update&id=2
HTTP_REFERER=http://localhost/yii/SPVO/index.php?r=cliente/admin
---
2015/11/29 19:28:13 [error] [php] include(rfc.php): failed to open stream: No such file or directory (/var/www/yii/framework/YiiBase.php:421)
Stack trace:
#0 /var/www/yii/framework/validators/CValidator.php(186): import()
#1 /var/www/yii/framework/base/CModel.php(286): createValidator()
#2 /var/www/yii/framework/base/CModel.php(260): Cliente->createValidators()
#3 /var/www/yii/framework/base/CModel.php(303): Cliente->getValidators()
#4 /var/www/yii/framework/web/helpers/CHtml.php(1237): Cliente->isAttributeRequired()
#5 /var/www/yii/framework/web/widgets/CActiveForm.php(562): activeLabelEx()
#6 /var/www/yii/SPVO/protected/views/cliente/_form.php(19): CActiveForm->labelEx()
#7 /var/www/yii/framework/web/CBaseController.php(126): require()
#8 /var/www/yii/framework/web/CBaseController.php(95): ClienteController->renderInternal()
#9 /var/www/yii/framework/web/CController.php(869): ClienteController->renderFile()
#10 /var/www/yii/SPVO/protected/views/cliente/update.php(21): ClienteController->renderPartial()
#11 /var/www/yii/framework/web/CBaseController.php(126): require()
#12 /var/www/yii/framework/web/CBaseController.php(95): ClienteController->renderInternal()
#13 /var/www/yii/framework/web/CController.php(869): ClienteController->renderFile()
#14 /var/www/yii/framework/web/CController.php(782): ClienteController->renderPartial()
#15 /var/www/yii/SPVO/protected/controllers/ClienteController.php(103): ClienteController->render()
#16 unknown(0): ClienteController->actionUpdate()
#17 /var/www/yii/framework/web/actions/CAction.php(108): ReflectionMethod->invokeArgs()
#18 /var/www/yii/framework/web/actions/CInlineAction.php(47): CInlineAction->runWithParamsInternal()
#19 /var/www/yii/framework/web/CController.php(308): CInlineAction->runWithParams()
#20 /var/www/yii/framework/web/filters/CFilterChain.php(133): ClienteController->runAction()
#21 /var/www/yii/framework/web/filters/CFilter.php(40): CFilterChain->run()
#22 /var/www/yii/framework/web/CController.php(1145): CAccessControlFilter->filter()
#23 /var/www/yii/framework/web/filters/CInlineFilter.php(58): ClienteController->filterAccessControl()
#24 /var/www/yii/framework/web/filters/CFilterChain.php(130): CInlineFilter->filter()
#25 /var/www/yii/framework/web/CController.php(291): CFilterChain->run()
#26 /var/www/yii/framework/web/CController.php(265): ClienteController->runActionWithFilters()
#27 /var/www/yii/framework/web/CWebApplication.php(282): ClienteController->run()
#28 /var/www/yii/framework/web/CWebApplication.php(141): CWebApplication->runController()
#29 /var/www/yii/framework/base/CApplication.php(169): CWebApplication->processRequest()
#30 /var/www/yii/SPVO/index.php(13): CWebApplication->run()
REQUEST_URI=/yii/SPVO/index.php?r=cliente/update&id=2
in /var/www/yii/SPVO/protected/views/cliente/_form.php (19)
in /var/www/yii/SPVO/protected/views/cliente/update.php (21)
in /var/www/yii/SPVO/protected/controllers/ClienteController.php (103)
2015/11/29 19:28:26 [error] [php] include(rfc.php): failed to open stream: No such file or directory (/var/www/yii/framework/YiiBase.php:421)
Stack trace:
#0 /var/www/yii/framework/validators/CValidator.php(186): import()
#1 /var/www/yii/framework/base/CModel.php(286): createValidator()
#2 /var/www/yii/framework/base/CModel.php(260): Cliente->createValidators()
#3 /var/www/yii/framework/base/CModel.php(303): Cliente->getValidators()
#4 /var/www/yii/framework/web/helpers/CHtml.php(1237): Cliente->isAttributeRequired()
#5 /var/www/yii/framework/web/widgets/CActiveForm.php(562): activeLabelEx()
#6 /var/www/yii/SPVO/protected/views/cliente/_form.php(19): CActiveForm->labelEx()
#7 /var/www/yii/framework/web/CBaseController.php(126): require()
#8 /var/www/yii/framework/web/CBaseController.php(95): ClienteController->renderInternal()
#9 /var/www/yii/framework/web/CController.php(869): ClienteController->renderFile()
#10 /var/www/yii/SPVO/protected/views/cliente/update.php(21): ClienteController->renderPartial()
#11 /var/www/yii/framework/web/CBaseController.php(126): require()
#12 /var/www/yii/framework/web/CBaseController.php(95): ClienteController->renderInternal()
#13 /var/www/yii/framework/web/CController.php(869): ClienteController->renderFile()
#14 /var/www/yii/framework/web/CController.php(782): ClienteController->renderPartial()
#15 /var/www/yii/SPVO/protected/controllers/ClienteController.php(103): ClienteController->render()
#16 unknown(0): ClienteController->actionUpdate()
#17 /var/www/yii/framework/web/actions/CAction.php(108): ReflectionMethod->invokeArgs()
#18 /var/www/yii/framework/web/actions/CInlineAction.php(47): CInlineAction->runWithParamsInternal()
#19 /var/www/yii/framework/web/CController.php(308): CInlineAction->runWithParams()
#20 /var/www/yii/framework/web/filters/CFilterChain.php(133): ClienteController->runAction()
#21 /var/www/yii/framework/web/filters/CFilter.php(40): CFilterChain->run()
#22 /var/www/yii/framework/web/CController.php(1145): CAccessControlFilter->filter()
#23 /var/www/yii/framework/web/filters/CInlineFilter.php(58): ClienteController->filterAccessControl()
#24 /var/www/yii/framework/web/filters/CFilterChain.php(130): CInlineFilter->filter()
#25 /var/www/yii/framework/web/CController.php(291): CFilterChain->run()
#26 /var/www/yii/framework/web/CController.php(265): ClienteController->runActionWithFilters()
#27 /var/www/yii/framework/web/CWebApplication.php(282): ClienteController->run()
#28 /var/www/yii/framework/web/CWebApplication.php(141): CWebApplication->runController()
#29 /var/www/yii/framework/base/CApplication.php(169): CWebApplication->processRequest()
#30 /var/www/yii/SPVO/index.php(13): CWebApplication->run()
REQUEST_URI=/yii/SPVO/index.php?r=cliente/update&id=2
in /var/www/yii/SPVO/protected/views/cliente/_form.php (19)
in /var/www/yii/SPVO/protected/views/cliente/update.php (21)
in /var/www/yii/SPVO/protected/controllers/ClienteController.php (103)
2015/11/29 19:28:48 [error] [php] include(rfc.php): failed to open stream: No such file or directory (/var/www/yii/framework/YiiBase.php:421)
Stack trace:
#0 /var/www/yii/framework/validators/CValidator.php(186): import()
#1 /var/www/yii/framework/base/CModel.php(286): createValidator()
#2 /var/www/yii/framework/base/CModel.php(260): Cliente->createValidators()
#3 /var/www/yii/framework/base/CModel.php(303): Cliente->getValidators()
#4 /var/www/yii/framework/web/helpers/CHtml.php(1237): Cliente->isAttributeRequired()
#5 /var/www/yii/framework/web/widgets/CActiveForm.php(562): activeLabelEx()
#6 /var/www/yii/SPVO/protected/views/cliente/_form.php(19): CActiveForm->labelEx()
#7 /var/www/yii/framework/web/CBaseController.php(126): require()
#8 /var/www/yii/framework/web/CBaseController.php(95): ClienteController->renderInternal()
#9 /var/www/yii/framework/web/CController.php(869): ClienteController->renderFile()
#10 /var/www/yii/SPVO/protected/views/cliente/update.php(21): ClienteController->renderPartial()
#11 /var/www/yii/framework/web/CBaseController.php(126): require()
#12 /var/www/yii/framework/web/CBaseController.php(95): ClienteController->renderInternal()
#13 /var/www/yii/framework/web/CController.php(869): ClienteController->renderFile()
#14 /var/www/yii/framework/web/CController.php(782): ClienteController->renderPartial()
#15 /var/www/yii/SPVO/protected/controllers/ClienteController.php(103): ClienteController->render()
#16 unknown(0): ClienteController->actionUpdate()
#17 /var/www/yii/framework/web/actions/CAction.php(108): ReflectionMethod->invokeArgs()
#18 /var/www/yii/framework/web/actions/CInlineAction.php(47): CInlineAction->runWithParamsInternal()
#19 /var/www/yii/framework/web/CController.php(308): CInlineAction->runWithParams()
#20 /var/www/yii/framework/web/filters/CFilterChain.php(133): ClienteController->runAction()
#21 /var/www/yii/framework/web/filters/CFilter.php(40): CFilterChain->run()
#22 /var/www/yii/framework/web/CController.php(1145): CAccessControlFilter->filter()
#23 /var/www/yii/framework/web/filters/CInlineFilter.php(58): ClienteController->filterAccessControl()
#24 /var/www/yii/framework/web/filters/CFilterChain.php(130): CInlineFilter->filter()
#25 /var/www/yii/framework/web/CController.php(291): CFilterChain->run()
#26 /var/www/yii/framework/web/CController.php(265): ClienteController->runActionWithFilters()
#27 /var/www/yii/framework/web/CWebApplication.php(282): ClienteController->run()
#28 /var/www/yii/framework/web/CWebApplication.php(141): CWebApplication->runController()
#29 /var/www/yii/framework/base/CApplication.php(169): CWebApplication->processRequest()
#30 /var/www/yii/SPVO/index.php(13): CWebApplication->run()
REQUEST_URI=/yii/SPVO/index.php?r=cliente/update&id=2
in /var/www/yii/SPVO/protected/views/cliente/_form.php (19)
in /var/www/yii/SPVO/protected/views/cliente/update.php (21)
in /var/www/yii/SPVO/protected/controllers/ClienteController.php (103)
2015/11/29 19:29:05 [error] [php] include(rfc.php): failed to open stream: No such file or directory (/var/www/yii/framework/YiiBase.php:421)
Stack trace:
#0 /var/www/yii/framework/validators/CValidator.php(186): import()
#1 /var/www/yii/framework/base/CModel.php(286): createValidator()
#2 /var/www/yii/framework/base/CModel.php(260): Cliente->createValidators()
#3 /var/www/yii/framework/base/CModel.php(303): Cliente->getValidators()
#4 /var/www/yii/framework/web/helpers/CHtml.php(1237): Cliente->isAttributeRequired()
#5 /var/www/yii/framework/web/widgets/CActiveForm.php(562): activeLabelEx()
#6 /var/www/yii/SPVO/protected/views/cliente/_form.php(19): CActiveForm->labelEx()
#7 /var/www/yii/framework/web/CBaseController.php(126): require()
#8 /var/www/yii/framework/web/CBaseController.php(95): ClienteController->renderInternal()
#9 /var/www/yii/framework/web/CController.php(869): ClienteController->renderFile()
#10 /var/www/yii/SPVO/protected/views/cliente/update.php(21): ClienteController->renderPartial()
#11 /var/www/yii/framework/web/CBaseController.php(126): require()
#12 /var/www/yii/framework/web/CBaseController.php(95): ClienteController->renderInternal()
#13 /var/www/yii/framework/web/CController.php(869): ClienteController->renderFile()
#14 /var/www/yii/framework/web/CController.php(782): ClienteController->renderPartial()
#15 /var/www/yii/SPVO/protected/controllers/ClienteController.php(103): ClienteController->render()
#16 unknown(0): ClienteController->actionUpdate()
#17 /var/www/yii/framework/web/actions/CAction.php(108): ReflectionMethod->invokeArgs()
#18 /var/www/yii/framework/web/actions/CInlineAction.php(47): CInlineAction->runWithParamsInternal()
#19 /var/www/yii/framework/web/CController.php(308): CInlineAction->runWithParams()
#20 /var/www/yii/framework/web/filters/CFilterChain.php(133): ClienteController->runAction()
#21 /var/www/yii/framework/web/filters/CFilter.php(40): CFilterChain->run()
#22 /var/www/yii/framework/web/CController.php(1145): CAccessControlFilter->filter()
#23 /var/www/yii/framework/web/filters/CInlineFilter.php(58): ClienteController->filterAccessControl()
#24 /var/www/yii/framework/web/filters/CFilterChain.php(130): CInlineFilter->filter()
#25 /var/www/yii/framework/web/CController.php(291): CFilterChain->run()
#26 /var/www/yii/framework/web/CController.php(265): ClienteController->runActionWithFilters()
#27 /var/www/yii/framework/web/CWebApplication.php(282): ClienteController->run()
#28 /var/www/yii/framework/web/CWebApplication.php(141): CWebApplication->runController()
#29 /var/www/yii/framework/base/CApplication.php(169): CWebApplication->processRequest()
#30 /var/www/yii/SPVO/index.php(13): CWebApplication->run()
REQUEST_URI=/yii/SPVO/index.php?r=cliente/update&id=2
in /var/www/yii/SPVO/protected/views/cliente/_form.php (19)
in /var/www/yii/SPVO/protected/views/cliente/update.php (21)
in /var/www/yii/SPVO/protected/controllers/ClienteController.php (103)
2015/11/29 19:29:57 [error] [php] include(rfc.php): failed to open stream: No such file or directory (/var/www/yii/framework/YiiBase.php:421)
Stack trace:
#0 /var/www/yii/framework/validators/CValidator.php(186): import()
#1 /var/www/yii/framework/base/CModel.php(286): createValidator()
#2 /var/www/yii/framework/base/CModel.php(260): Cliente->createValidators()
#3 /var/www/yii/framework/base/CModel.php(303): Cliente->getValidators()
#4 /var/www/yii/framework/web/helpers/CHtml.php(1237): Cliente->isAttributeRequired()
#5 /var/www/yii/framework/web/widgets/CActiveForm.php(562): activeLabelEx()
#6 /var/www/yii/SPVO/protected/views/cliente/_form.php(19): CActiveForm->labelEx()
#7 /var/www/yii/framework/web/CBaseController.php(126): require()
#8 /var/www/yii/framework/web/CBaseController.php(95): ClienteController->renderInternal()
#9 /var/www/yii/framework/web/CController.php(869): ClienteController->renderFile()
#10 /var/www/yii/SPVO/protected/views/cliente/update.php(21): ClienteController->renderPartial()
#11 /var/www/yii/framework/web/CBaseController.php(126): require()
#12 /var/www/yii/framework/web/CBaseController.php(95): ClienteController->renderInternal()
#13 /var/www/yii/framework/web/CController.php(869): ClienteController->renderFile()
#14 /var/www/yii/framework/web/CController.php(782): ClienteController->renderPartial()
#15 /var/www/yii/SPVO/protected/controllers/ClienteController.php(103): ClienteController->render()
#16 unknown(0): ClienteController->actionUpdate()
#17 /var/www/yii/framework/web/actions/CAction.php(108): ReflectionMethod->invokeArgs()
#18 /var/www/yii/framework/web/actions/CInlineAction.php(47): CInlineAction->runWithParamsInternal()
#19 /var/www/yii/framework/web/CController.php(308): CInlineAction->runWithParams()
#20 /var/www/yii/framework/web/filters/CFilterChain.php(133): ClienteController->runAction()
#21 /var/www/yii/framework/web/filters/CFilter.php(40): CFilterChain->run()
#22 /var/www/yii/framework/web/CController.php(1145): CAccessControlFilter->filter()
#23 /var/www/yii/framework/web/filters/CInlineFilter.php(58): ClienteController->filterAccessControl()
#24 /var/www/yii/framework/web/filters/CFilterChain.php(130): CInlineFilter->filter()
#25 /var/www/yii/framework/web/CController.php(291): CFilterChain->run()
#26 /var/www/yii/framework/web/CController.php(265): ClienteController->runActionWithFilters()
#27 /var/www/yii/framework/web/CWebApplication.php(282): ClienteController->run()
#28 /var/www/yii/framework/web/CWebApplication.php(141): CWebApplication->runController()
#29 /var/www/yii/framework/base/CApplication.php(169): CWebApplication->processRequest()
#30 /var/www/yii/SPVO/index.php(13): CWebApplication->run()
REQUEST_URI=/yii/SPVO/index.php?r=cliente/update&id=2
in /var/www/yii/SPVO/protected/views/cliente/_form.php (19)
in /var/www/yii/SPVO/protected/views/cliente/update.php (21)
in /var/www/yii/SPVO/protected/controllers/ClienteController.php (103)
2015/11/29 19:31:54 [error] [php] include(rfc.php): failed to open stream: No such file or directory (/var/www/yii/framework/YiiBase.php:421)
Stack trace:
#0 /var/www/yii/framework/validators/CValidator.php(186): import()
#1 /var/www/yii/framework/base/CModel.php(286): createValidator()
#2 /var/www/yii/framework/base/CModel.php(260): Cliente->createValidators()
#3 /var/www/yii/framework/web/helpers/CHtml.php(1964): Cliente->getValidators()
#4 /var/www/yii/framework/web/helpers/CHtml.php(1257): activeInputField()
#5 /var/www/yii/framework/web/widgets/CActiveForm.php(657): activeTextField()
#6 /var/www/yii/SPVO/protected/views/cliente/_search.php(16): CActiveForm->textField()
#7 /var/www/yii/framework/web/CBaseController.php(126): require()
#8 /var/www/yii/framework/web/CBaseController.php(95): ClienteController->renderInternal()
#9 /var/www/yii/framework/web/CController.php(869): ClienteController->renderFile()
#10 /var/www/yii/SPVO/protected/views/cliente/admin.php(37): ClienteController->renderPartial()
#11 /var/www/yii/framework/web/CBaseController.php(126): require()
#12 /var/www/yii/framework/web/CBaseController.php(95): ClienteController->renderInternal()
#13 /var/www/yii/framework/web/CController.php(869): ClienteController->renderFile()
#14 /var/www/yii/framework/web/CController.php(782): ClienteController->renderPartial()
#15 /var/www/yii/SPVO/protected/controllers/ClienteController.php(143): ClienteController->render()
#16 /var/www/yii/framework/web/actions/CInlineAction.php(49): ClienteController->actionAdmin()
#17 /var/www/yii/framework/web/CController.php(308): CInlineAction->runWithParams()
#18 /var/www/yii/framework/web/filters/CFilterChain.php(133): ClienteController->runAction()
#19 /var/www/yii/framework/web/filters/CFilter.php(40): CFilterChain->run()
#20 /var/www/yii/framework/web/CController.php(1145): CAccessControlFilter->filter()
#21 /var/www/yii/framework/web/filters/CInlineFilter.php(58): ClienteController->filterAccessControl()
#22 /var/www/yii/framework/web/filters/CFilterChain.php(130): CInlineFilter->filter()
#23 /var/www/yii/framework/web/CController.php(291): CFilterChain->run()
#24 /var/www/yii/framework/web/CController.php(265): ClienteController->runActionWithFilters()
#25 /var/www/yii/framework/web/CWebApplication.php(282): ClienteController->run()
#26 /var/www/yii/framework/web/CWebApplication.php(141): CWebApplication->runController()
#27 /var/www/yii/framework/base/CApplication.php(169): CWebApplication->processRequest()
#28 /var/www/yii/SPVO/index.php(13): CWebApplication->run()
REQUEST_URI=/yii/SPVO/index.php?r=cliente/admin
in /var/www/yii/SPVO/protected/views/cliente/_search.php (16)
in /var/www/yii/SPVO/protected/views/cliente/admin.php (37)
in /var/www/yii/SPVO/protected/controllers/ClienteController.php (143)
2015/11/29 19:32:04 [error] [php] include(rfc.php): failed to open stream: No such file or directory (/var/www/yii/framework/YiiBase.php:421)
Stack trace:
#0 /var/www/yii/framework/validators/CValidator.php(186): import()
#1 /var/www/yii/framework/base/CModel.php(286): createValidator()
#2 /var/www/yii/framework/base/CModel.php(260): Cliente->createValidators()
#3 /var/www/yii/framework/web/helpers/CHtml.php(1964): Cliente->getValidators()
#4 /var/www/yii/framework/web/helpers/CHtml.php(1257): activeInputField()
#5 /var/www/yii/framework/web/widgets/CActiveForm.php(657): activeTextField()
#6 /var/www/yii/SPVO/protected/views/cliente/_search.php(16): CActiveForm->textField()
#7 /var/www/yii/framework/web/CBaseController.php(126): require()
#8 /var/www/yii/framework/web/CBaseController.php(95): ClienteController->renderInternal()
#9 /var/www/yii/framework/web/CController.php(869): ClienteController->renderFile()
#10 /var/www/yii/SPVO/protected/views/cliente/admin.php(37): ClienteController->renderPartial()
#11 /var/www/yii/framework/web/CBaseController.php(126): require()
#12 /var/www/yii/framework/web/CBaseController.php(95): ClienteController->renderInternal()
#13 /var/www/yii/framework/web/CController.php(869): ClienteController->renderFile()
#14 /var/www/yii/framework/web/CController.php(782): ClienteController->renderPartial()
#15 /var/www/yii/SPVO/protected/controllers/ClienteController.php(143): ClienteController->render()
#16 /var/www/yii/framework/web/actions/CInlineAction.php(49): ClienteController->actionAdmin()
#17 /var/www/yii/framework/web/CController.php(308): CInlineAction->runWithParams()
#18 /var/www/yii/framework/web/filters/CFilterChain.php(133): ClienteController->runAction()
#19 /var/www/yii/framework/web/filters/CFilter.php(40): CFilterChain->run()
#20 /var/www/yii/framework/web/CController.php(1145): CAccessControlFilter->filter()
#21 /var/www/yii/framework/web/filters/CInlineFilter.php(58): ClienteController->filterAccessControl()
#22 /var/www/yii/framework/web/filters/CFilterChain.php(130): CInlineFilter->filter()
#23 /var/www/yii/framework/web/CController.php(291): CFilterChain->run()
#24 /var/www/yii/framework/web/CController.php(265): ClienteController->runActionWithFilters()
#25 /var/www/yii/framework/web/CWebApplication.php(282): ClienteController->run()
#26 /var/www/yii/framework/web/CWebApplication.php(141): CWebApplication->runController()
#27 /var/www/yii/framework/base/CApplication.php(169): CWebApplication->processRequest()
#28 /var/www/yii/SPVO/index.php(13): CWebApplication->run()
REQUEST_URI=/yii/SPVO/index.php?r=cliente/admin
in /var/www/yii/SPVO/protected/views/cliente/_search.php (16)
in /var/www/yii/SPVO/protected/views/cliente/admin.php (37)
in /var/www/yii/SPVO/protected/controllers/ClienteController.php (143)
2015/11/29 19:32:15 [error] [php] include(rfc.php): failed to open stream: No such file or directory (/var/www/yii/framework/YiiBase.php:421)
Stack trace:
#0 /var/www/yii/framework/validators/CValidator.php(186): import()
#1 /var/www/yii/framework/base/CModel.php(286): createValidator()
#2 /var/www/yii/framework/base/CModel.php(260): Cliente->createValidators()
#3 /var/www/yii/framework/base/CModel.php(303): Cliente->getValidators()
#4 /var/www/yii/framework/web/helpers/CHtml.php(1237): Cliente->isAttributeRequired()
#5 /var/www/yii/framework/web/widgets/CActiveForm.php(562): activeLabelEx()
#6 /var/www/yii/SPVO/protected/views/cliente/_form.php(19): CActiveForm->labelEx()
#7 /var/www/yii/framework/web/CBaseController.php(126): require()
#8 /var/www/yii/framework/web/CBaseController.php(95): ClienteController->renderInternal()
#9 /var/www/yii/framework/web/CController.php(869): ClienteController->renderFile()
#10 /var/www/yii/SPVO/protected/views/cliente/create.php(18): ClienteController->renderPartial()
#11 /var/www/yii/framework/web/CBaseController.php(126): require()
#12 /var/www/yii/framework/web/CBaseController.php(95): ClienteController->renderInternal()
#13 /var/www/yii/framework/web/CController.php(869): ClienteController->renderFile()
#14 /var/www/yii/framework/web/CController.php(782): ClienteController->renderPartial()
#15 /var/www/yii/SPVO/protected/controllers/ClienteController.php(79): ClienteController->render()
#16 /var/www/yii/framework/web/actions/CInlineAction.php(49): ClienteController->actionCreate()
#17 /var/www/yii/framework/web/CController.php(308): CInlineAction->runWithParams()
#18 /var/www/yii/framework/web/filters/CFilterChain.php(133): ClienteController->runAction()
#19 /var/www/yii/framework/web/filters/CFilter.php(40): CFilterChain->run()
#20 /var/www/yii/framework/web/CController.php(1145): CAccessControlFilter->filter()
#21 /var/www/yii/framework/web/filters/CInlineFilter.php(58): ClienteController->filterAccessControl()
#22 /var/www/yii/framework/web/filters/CFilterChain.php(130): CInlineFilter->filter()
#23 /var/www/yii/framework/web/CController.php(291): CFilterChain->run()
#24 /var/www/yii/framework/web/CController.php(265): ClienteController->runActionWithFilters()
#25 /var/www/yii/framework/web/CWebApplication.php(282): ClienteController->run()
#26 /var/www/yii/framework/web/CWebApplication.php(141): CWebApplication->runController()
#27 /var/www/yii/framework/base/CApplication.php(169): CWebApplication->processRequest()
#28 /var/www/yii/SPVO/index.php(13): CWebApplication->run()
REQUEST_URI=/yii/SPVO/index.php?r=cliente/create
in /var/www/yii/SPVO/protected/views/cliente/_form.php (19)
in /var/www/yii/SPVO/protected/views/cliente/create.php (18)
in /var/www/yii/SPVO/protected/controllers/ClienteController.php (79)
2015/11/29 19:33:22 [error] [php] include(rfc.php): failed to open stream: No such file or directory (/var/www/yii/framework/YiiBase.php:421)
Stack trace:
#0 /var/www/yii/framework/validators/CValidator.php(186): import()
#1 /var/www/yii/framework/base/CModel.php(286): createValidator()
#2 /var/www/yii/framework/base/CModel.php(260): Cliente->createValidators()
#3 /var/www/yii/framework/base/CModel.php(303): Cliente->getValidators()
#4 /var/www/yii/framework/web/helpers/CHtml.php(1237): Cliente->isAttributeRequired()
#5 /var/www/yii/framework/web/widgets/CActiveForm.php(562): activeLabelEx()
#6 /var/www/yii/SPVO/protected/views/cliente/_form.php(19): CActiveForm->labelEx()
#7 /var/www/yii/framework/web/CBaseController.php(126): require()
#8 /var/www/yii/framework/web/CBaseController.php(95): ClienteController->renderInternal()
#9 /var/www/yii/framework/web/CController.php(869): ClienteController->renderFile()
#10 /var/www/yii/SPVO/protected/views/cliente/create.php(18): ClienteController->renderPartial()
#11 /var/www/yii/framework/web/CBaseController.php(126): require()
#12 /var/www/yii/framework/web/CBaseController.php(95): ClienteController->renderInternal()
#13 /var/www/yii/framework/web/CController.php(869): ClienteController->renderFile()
#14 /var/www/yii/framework/web/CController.php(782): ClienteController->renderPartial()
#15 /var/www/yii/SPVO/protected/controllers/ClienteController.php(79): ClienteController->render()
#16 /var/www/yii/framework/web/actions/CInlineAction.php(49): ClienteController->actionCreate()
#17 /var/www/yii/framework/web/CController.php(308): CInlineAction->runWithParams()
#18 /var/www/yii/framework/web/filters/CFilterChain.php(133): ClienteController->runAction()
#19 /var/www/yii/framework/web/filters/CFilter.php(40): CFilterChain->run()
#20 /var/www/yii/framework/web/CController.php(1145): CAccessControlFilter->filter()
#21 /var/www/yii/framework/web/filters/CInlineFilter.php(58): ClienteController->filterAccessControl()
#22 /var/www/yii/framework/web/filters/CFilterChain.php(130): CInlineFilter->filter()
#23 /var/www/yii/framework/web/CController.php(291): CFilterChain->run()
#24 /var/www/yii/framework/web/CController.php(265): ClienteController->runActionWithFilters()
#25 /var/www/yii/framework/web/CWebApplication.php(282): ClienteController->run()
#26 /var/www/yii/framework/web/CWebApplication.php(141): CWebApplication->runController()
#27 /var/www/yii/framework/base/CApplication.php(169): CWebApplication->processRequest()
#28 /var/www/yii/SPVO/index.php(13): CWebApplication->run()
REQUEST_URI=/yii/SPVO/index.php?r=cliente/create
in /var/www/yii/SPVO/protected/views/cliente/_form.php (19)
in /var/www/yii/SPVO/protected/views/cliente/create.php (18)
in /var/www/yii/SPVO/protected/controllers/ClienteController.php (79)
2015/11/29 19:34:32 [error] [php] include(rfc.php): failed to open stream: No such file or directory (/var/www/yii/framework/YiiBase.php:421)
Stack trace:
#0 /var/www/yii/framework/validators/CValidator.php(186): import()
#1 /var/www/yii/framework/base/CModel.php(286): createValidator()
#2 /var/www/yii/framework/base/CModel.php(260): Cliente->createValidators()
#3 /var/www/yii/framework/base/CModel.php(303): Cliente->getValidators()
#4 /var/www/yii/framework/web/helpers/CHtml.php(1237): Cliente->isAttributeRequired()
#5 /var/www/yii/framework/web/widgets/CActiveForm.php(562): activeLabelEx()
#6 /var/www/yii/SPVO/protected/views/cliente/_form.php(19): CActiveForm->labelEx()
#7 /var/www/yii/framework/web/CBaseController.php(126): require()
#8 /var/www/yii/framework/web/CBaseController.php(95): ClienteController->renderInternal()
#9 /var/www/yii/framework/web/CController.php(869): ClienteController->renderFile()
#10 /var/www/yii/SPVO/protected/views/cliente/create.php(18): ClienteController->renderPartial()
#11 /var/www/yii/framework/web/CBaseController.php(126): require()
#12 /var/www/yii/framework/web/CBaseController.php(95): ClienteController->renderInternal()
#13 /var/www/yii/framework/web/CController.php(869): ClienteController->renderFile()
#14 /var/www/yii/framework/web/CController.php(782): ClienteController->renderPartial()
#15 /var/www/yii/SPVO/protected/controllers/ClienteController.php(79): ClienteController->render()
#16 /var/www/yii/framework/web/actions/CInlineAction.php(49): ClienteController->actionCreate()
#17 /var/www/yii/framework/web/CController.php(308): CInlineAction->runWithParams()
#18 /var/www/yii/framework/web/filters/CFilterChain.php(133): ClienteController->runAction()
#19 /var/www/yii/framework/web/filters/CFilter.php(40): CFilterChain->run()
#20 /var/www/yii/framework/web/CController.php(1145): CAccessControlFilter->filter()
#21 /var/www/yii/framework/web/filters/CInlineFilter.php(58): ClienteController->filterAccessControl()
#22 /var/www/yii/framework/web/filters/CFilterChain.php(130): CInlineFilter->filter()
#23 /var/www/yii/framework/web/CController.php(291): CFilterChain->run()
#24 /var/www/yii/framework/web/CController.php(265): ClienteController->runActionWithFilters()
#25 /var/www/yii/framework/web/CWebApplication.php(282): ClienteController->run()
#26 /var/www/yii/framework/web/CWebApplication.php(141): CWebApplication->runController()
#27 /var/www/yii/framework/base/CApplication.php(169): CWebApplication->processRequest()
#28 /var/www/yii/SPVO/index.php(13): CWebApplication->run()
REQUEST_URI=/yii/SPVO/index.php?r=cliente/create
in /var/www/yii/SPVO/protected/views/cliente/_form.php (19)
in /var/www/yii/SPVO/protected/views/cliente/create.php (18)
in /var/www/yii/SPVO/protected/controllers/ClienteController.php (79)
